<?xml version="1.0" encoding="UTF-8"?>
<!-- Generated by org.testng.reporters.JUnitReportReporter -->
<testsuite skipped="0" hostname="DESKTOP-5RP66UI" name="com.abhi.qa.testcases.TotalPaymentPageTest" tests="1" failures="0" timestamp="13 Jan 2019 21:43:18 GMT" time="48.776" errors="0">
  <testcase name="verifySourceDestinationNetPayment" time="48.776" classname="com.abhi.qa.testcases.TotalPaymentPageTest"/>
</testsuite> <!-- com.abhi.qa.testcases.TotalPaymentPageTest -->
