<?xml version="1.0" encoding="UTF-8"?>
<!-- Generated by org.testng.reporters.JUnitReportReporter -->
<testsuite skipped="0" hostname="DESKTOP-5RP66UI" name="com.abhi.qa.testcases.SearchSeatPageTest" tests="2" failures="0" timestamp="13 Jan 2019 21:43:18 GMT" time="171.134" errors="0">
  <testcase name="verifyOnwardJourneyBookingPage" time="26.898" classname="com.abhi.qa.testcases.SearchSeatPageTest"/>
  <testcase name="bookOnwardandReturnTicket" time="144.236" classname="com.abhi.qa.testcases.SearchSeatPageTest"/>
</testsuite> <!-- com.abhi.qa.testcases.SearchSeatPageTest -->
