<?xml version="1.0" encoding="UTF-8"?>
<!-- Generated by org.testng.reporters.JUnitReportReporter -->
<testsuite skipped="0" hostname="DESKTOP-5RP66UI" name="com.abhi.qa.testcases.PaymentPageTest" tests="1" failures="0" timestamp="13 Jan 2019 19:12:36 GMT" time="50.943" errors="0">
  <testcase name="verifySourceDestinationNetPayment" time="50.943" classname="com.abhi.qa.testcases.PaymentPageTest"/>
</testsuite> <!-- com.abhi.qa.testcases.PaymentPageTest -->
